1


--------------------------------- time: 1585742875 ---------------------------------
list videos for user: CU5ktBH8Qpmsi5RnhjK-5A mail: barilanuniversity@naotechh.com

--------------------------------- time: 1585742875 ---------------------------------
list videos for user: Winpj6g6SIKiniEiOb3Tjg mail: bar.e-learn@biu.ac.il
there are no recordings for this meeting. meeting id: 263231642
there are no recordings for this meeting. meeting id: 981531168
there are no recordings for this meeting. meeting id: 660240895
there are no recordings for this meeting. meeting id: 387407060
there are no recordings for this meeting. meeting id: 679993793
there are no recordings for this meeting. meeting id: 510208143
there are no recordings for this meeting. meeting id: 411802426

--------------------------------- time: 1585742879 ---------------------------------
list videos for user: kU60_eB4QGigSfDwYTJS2g mail: 1efratroth1@gmail.com
there are no recordings for this meeting. meeting id: 318324191

--------------------------------- time: 1585742880 ---------------------------------
list videos for user: _C9IP0pBS96wrNlDRY-V5A mail: 2gmh20@gmail.com
there are no recordings for this meeting. meeting id: 964859943
there are no recordings for this meeting. meeting id: 904011101
there are no recordings for this meeting. meeting id: 399503445
there are no recordings for this meeting. meeting id: 324718975

--------------------------------- time: 1585742882 ---------------------------------
list videos for user: 0co5mj37SW2Z0t7zTnfD9Q mail: 7327140@gmail.com
there are no recordings for this meeting. meeting id: 512177897

--------------------------------- time: 1585742882 ---------------------------------
list videos for user: K4vh5Mz1QaO4bfGklhqi-A mail: aaron.ahrend@biu.ac.il
there are no recordings for this meeting. meeting id: 820068947
there are no recordings for this meeting. meeting id: 828246430
there are no recordings for this meeting. meeting id: 800720478
there are no recordings for this meeting. meeting id: 443291991
there are no recordings for this meeting. meeting id: 949504358
there are no recordings for this meeting. meeting id: 559822607
there are no recordings for this meeting. meeting id: 308327759
there are no recordings for this meeting. meeting id: 723109361

--------------------------------- time: 1585742886 ---------------------------------
list videos for user: OdgiFJBXRYi1D4Sx16vxUA mail: aaron.amit@biu.ac.il
there are no recordings for this meeting. meeting id: 331703763
there are no recordings for this meeting. meeting id: 737411011
there are no recordings for this meeting. meeting id: 391874449
there are no recordings for this meeting. meeting id: 681497079
there are no recordings for this meeting. meeting id: 728668710
there are no recordings for this meeting. meeting id: 150987307
there are no recordings for this meeting. meeting id: 433894016
there are no recordings for this meeting. meeting id: 262244993
there are no recordings for this meeting. meeting id: 499240618
there are no recordings for this meeting. meeting id: 689055357
there are no recordings for this meeting. meeting id: 169036037
there are no recordings for this meeting. meeting id: 559873084
there are no recordings for this meeting. meeting id: 660876042
there are no recordings for this meeting. meeting id: 102467974
there are no recordings for this meeting. meeting id: 322926873
there are no recordings for this meeting. meeting id: 744465657
there are no recordings for this meeting. meeting id: 203859719

--------------------------------- time: 1585742894 ---------------------------------
list videos for user: 6oIp821ESJm5qxIBsvBEBA mail: aatg1990@gmail.com
there are no recordings for this meeting. meeting id: 151269946
there are no recordings for this meeting. meeting id: 171242655
there are no recordings for this meeting. meeting id: 390525609
there are no recordings for this meeting. meeting id: 436546352
there are no recordings for this meeting. meeting id: 454072650
there are no recordings for this meeting. meeting id: 276489320
there are no recordings for this meeting. meeting id: 460570822
there are no recordings for this meeting. meeting id: 997679189

--------------------------------- time: 1585742897 ---------------------------------
list videos for user: VqWM77_rSqmYEm5AuLpAGA mail: abed.saady@biu.ac.il

--------------------------------- time: 1585742898 ---------------------------------
list videos for user: DRllwQuDRHmHwirehDqbWQ mail: abo1000@gmail.com
there are no recordings for this meeting. meeting id: 631957811
there are no recordings for this meeting. meeting id: 279224395
there are no recordings for this meeting. meeting id: 374363984

--------------------------------- time: 1585742899 ---------------------------------
list videos for user: LA3wPD1YTSKk_wqaKshU4Q mail: abraham.goldstein@biu.ac.il
there are no recordings for this meeting. meeting id: 753491354
there are no recordings for this meeting. meeting id: 481973732
there are no recordings for this meeting. meeting id: 601675627
there are no recordings for this meeting. meeting id: 632595137
there are no recordings for this meeting. meeting id: 141514775

--------------------------------- time: 1585742902 ---------------------------------
list videos for user: XKqo89e1RkOOHEVq-OpdXg mail: abraham.yosipof@biu.ac.il

--------------------------------- time: 1585742902 ---------------------------------
list videos for user: eQGcLTEnQt-nREpAJ_2_Rw mail: abrham.susswein@biu.ac.il
there are no recordings for this meeting. meeting id: 318206088
there are no recordings for this meeting. meeting id: 680146709
there are no recordings for this meeting. meeting id: 569327885
there are no recordings for this meeting. meeting id: 153757038
there are no recordings for this meeting. meeting id: 653208055
there are no recordings for this meeting. meeting id: 594267253
there are no recordings for this meeting. meeting id: 255729085

--------------------------------- time: 1585742905 ---------------------------------
list videos for user: EKn59tckSRihR_9x4Rbrsg mail: achia.urbach@biu.ac.il
there are no recordings for this meeting. meeting id: 881262909
there are no recordings for this meeting. meeting id: 479003659
there are no recordings for this meeting. meeting id: 209694630
there are no recordings for this meeting. meeting id: 798551537
there are no recordings for this meeting. meeting id: 203033003
there are no recordings for this meeting. meeting id: 477548212
there are no recordings for this meeting. meeting id: 334360644
there are no recordings for this meeting. meeting id: 488226272
there are no recordings for this meeting. meeting id: 623341511
there are no recordings for this meeting. meeting id: 945899353
there are no recordings for this meeting. meeting id: 300519344
there are no recordings for this meeting. meeting id: 486744993
there are no recordings for this meeting. meeting id: 723475145
there are no recordings for this meeting. meeting id: 807219015

--------------------------------- time: 1585742912 ---------------------------------
list videos for user: JjLgGzpFRjWb-b7MCSckNg mail: acwolff@bezeqint.net
there are no recordings for this meeting. meeting id: 512067034
there are no recordings for this meeting. meeting id: 954239020
there are no recordings for this meeting. meeting id: 920244641
there are no recordings for this meeting. meeting id: 746735837
there are no recordings for this meeting. meeting id: 323742579
there are no recordings for this meeting. meeting id: 111997187
there are no recordings for this meeting. meeting id: 523950776
there are no recordings for this meeting. meeting id: 575073081
there are no recordings for this meeting. meeting id: 397174615
there are no recordings for this meeting. meeting id: 465825082
there are no recordings for this meeting. meeting id: 798730607
there are no recordings for this meeting. meeting id: 538965446
there are no recordings for this meeting. meeting id: 846384131
there are no recordings for this meeting. meeting id: 672644010
there are no recordings for this meeting. meeting id: 980651194
there are no recordings for this meeting. meeting id: 918863456
there are no recordings for this meeting. meeting id: 196403728
there are no recordings for this meeting. meeting id: 342607044
there are no recordings for this meeting. meeting id: 205118340

--------------------------------- time: 1585742920 ---------------------------------
list videos for user: 6mAFKwthTyOpUrbNfXmtlw mail: ada.yurman@biu.ac.il
there are no recordings for this meeting. meeting id: 586386440
there are no recordings for this meeting. meeting id: 217636629
there are no recordings for this meeting. meeting id: 548000713
there are no recordings for this meeting. meeting id: 283378450
there are no recordings for this meeting. meeting id: 954695086
there are no recordings for this meeting. meeting id: 627825826
there are no recordings for this meeting. meeting id: 707150817
there are no recordings for this meeting. meeting id: 270833538
there are no recordings for this meeting. meeting id: 255492671
there are no recordings for this meeting. meeting id: 828744214

--------------------------------- time: 1585742924 ---------------------------------
list videos for user: IuL4EKjhR0-XLqbxXbiC7g mail: adam.ferziger@biu.ac.il
there are no recordings for this meeting. meeting id: 440974274
there are no recordings for this meeting. meeting id: 250910512
there are no recordings for this meeting. meeting id: 983393206
there are no recordings for this meeting. meeting id: 104700471
there are no recordings for this meeting. meeting id: 423765419
there are no recordings for this meeting. meeting id: 819602835
there are no recordings for this meeting. meeting id: 884138333
there are no recordings for this meeting. meeting id: 819236889
there are no recordings for this meeting. meeting id: 218257670
there are no recordings for this meeting. meeting id: 888527073
there are no recordings for this meeting. meeting id: 489780772
there are no recordings for this meeting. meeting id: 556457448
there are no recordings for this meeting. meeting id: 320702297
there are no recordings for this meeting. meeting id: 326159280
there are no recordings for this meeting. meeting id: 362063459
there are no recordings for this meeting. meeting id: 683157946
there are no recordings for this meeting. meeting id: 118192327
there are no recordings for this meeting. meeting id: 727815989
there are no recordings for this meeting. meeting id: 791368042
there are no recordings for this meeting. meeting id: 916237026
there are no recordings for this meeting. meeting id: 650541230

--------------------------------- time: 1585742933 ---------------------------------
list videos for user: Iu_5mvp9Q0WV4b8jqXACZg mail: adam.silverstein1@biu.ac.il
there are no recordings for this meeting. meeting id: 552886584
there are no recordings for this meeting. meeting id: 806899274
there are no recordings for this meeting. meeting id: 854706458
there are no recordings for this meeting. meeting id: 381118983
there are no recordings for this meeting. meeting id: 249305462
there are no recordings for this meeting. meeting id: 773254146
there are no recordings for this meeting. meeting id: 485425700

--------------------------------- time: 1585742937 ---------------------------------
list videos for user: Aj31DcgyQiukTNLutCp4AQ mail: adam.teman@biu.ac.il
there are no recordings for this meeting. meeting id: 789690164
there are no recordings for this meeting. meeting id: 203027222
there are no recordings for this meeting. meeting id: 109054967
there are no recordings for this meeting. meeting id: 860067607
there are no recordings for this meeting. meeting id: 958507053

--------------------------------- time: 1585742939 ---------------------------------
list videos for user: bXNqQTWGRZi68A0fdjEF1Q mail: adam.zaidel@biu.ac.il
there are no recordings for this meeting. meeting id: 530402242
there are no recordings for this meeting. meeting id: 749389850
there are no recordings for this meeting. meeting id: 888611958
there are no recordings for this meeting. meeting id: 142313866

--------------------------------- time: 1585742941 ---------------------------------
list videos for user: xbeEdETuSY6QU1PRNQl9EQ mail: adar.paz@gmail.com
there are no recordings for this meeting. meeting id: 477364294
there are no recordings for this meeting. meeting id: 181820251
there are no recordings for this meeting. meeting id: 20888854285
there are no recordings for this meeting. meeting id: 908870376
there are no recordings for this meeting. meeting id: 763136042
there are no recordings for this meeting. meeting id: 334550894
there are no recordings for this meeting. meeting id: 759990478
there are no recordings for this meeting. meeting id: 144816229
there are no recordings for this meeting. meeting id: 445661870
there are no recordings for this meeting. meeting id: 958824763
there are no recordings for this meeting. meeting id: 284942810

--------------------------------- time: 1585742946 ---------------------------------
list videos for user: vau-pa9JQRuxjcqE_yrm0Q mail: adavi@walla.co.il

--------------------------------- time: 1585742947 ---------------------------------
list videos for user: zxDyluoXTBCaKfVwC0gzpw mail: adaya1212@gmail.com
there are no recordings for this meeting. meeting id: 126484418
there are no recordings for this meeting. meeting id: 509905927
there are no recordings for this meeting. meeting id: 721306417

--------------------------------- time: 1585742948 ---------------------------------
list videos for user: wHNPolpxTl2YEDlBArPIzQ mail: adi.ayal@biu.ac.il
there are no recordings for this meeting. meeting id: 610153566
there are no recordings for this meeting. meeting id: 401841420
there are no recordings for this meeting. meeting id: 273954332
there are no recordings for this meeting. meeting id: 960890668
there are no recordings for this meeting. meeting id: 424222551
there are no recordings for this meeting. meeting id: 353020519
there are no recordings for this meeting. meeting id: 420821460
there are no recordings for this meeting. meeting id: 472010434
there are no recordings for this meeting. meeting id: 900922022
there are no recordings for this meeting. meeting id: 440443832

--------------------------------- time: 1585742953 ---------------------------------
list videos for user: hgjdKdACQpWk4Rnpx2ixBg mail: adi.barak@biu.ac.il
there are no recordings for this meeting. meeting id: 495634902
there are no recordings for this meeting. meeting id: 878410390
there are no recordings for this meeting. meeting id: 774390281
there are no recordings for this meeting. meeting id: 388619528
there are no recordings for this meeting. meeting id: 285417871
there are no recordings for this meeting. meeting id: 353951861
there are no recordings for this meeting. meeting id: 608463650
there are no recordings for this meeting. meeting id: 626654586
there are no recordings for this meeting. meeting id: 983561891
there are no recordings for this meeting. meeting id: 694504060
there are no recordings for this meeting. meeting id: 522033288

--------------------------------- time: 1585742958 ---------------------------------
list videos for user: p2ZSXz38T0azDlUoj-eTpw mail: adi.dotan100@gmail.com

--------------------------------- time: 1585742958 ---------------------------------
list videos for user: MR5e7f2dRZ-ZrygZ5JrFVg mail: adi.libson@biu.ac.il
there are no recordings for this meeting. meeting id: 762646044
there are no recordings for this meeting. meeting id: 363852675
there are no recordings for this meeting. meeting id: 946709397
there are no recordings for this meeting. meeting id: 962005823
there are no recordings for this meeting. meeting id: 883333433
there are no recordings for this meeting. meeting id: 200630031
there are no recordings for this meeting. meeting id: 114300855
there are no recordings for this meeting. meeting id: 266509677
there are no recordings for this meeting. meeting id: 209605653
there are no recordings for this meeting. meeting id: 786754499
there are no recordings for this meeting. meeting id: 311112678
there are no recordings for this meeting. meeting id: 714305040
there are no recordings for this meeting. meeting id: 705397005

--------------------------------- time: 1585742964 ---------------------------------
list videos for user: zgL2CnVRQCGEHSsgseBIJg mail: adi.makmal@biu.ac.il
there are no recordings for this meeting. meeting id: 680351062
there are no recordings for this meeting. meeting id: 281500275

--------------------------------- time: 1585742965 ---------------------------------
list videos for user: 0U2U5e-URO258gF-stA6AA mail: adi.noy@biu.ac.il
there are no recordings for this meeting. meeting id: 638946779
there are no recordings for this meeting. meeting id: 189199515
there are no recordings for this meeting. meeting id: 253072655
there are no recordings for this meeting. meeting id: 787843894
there are no recordings for this meeting. meeting id: 830265255
there are no recordings for this meeting. meeting id: 366195361
there are no recordings for this meeting. meeting id: 701211448
there are no recordings for this meeting. meeting id: 913295113
there are no recordings for this meeting. meeting id: 114290605
there are no recordings for this meeting. meeting id: 570790180
there are no recordings for this meeting. meeting id: 878077902
there are no recordings for this meeting. meeting id: 452350521
there are no recordings for this meeting. meeting id: 473431072
there are no recordings for this meeting. meeting id: 604291523
there are no recordings for this meeting. meeting id: 745336059
there are no recordings for this meeting. meeting id: 822429504
there are no recordings for this meeting. meeting id: 144429693
there are no recordings for this meeting. meeting id: 150757731
there are no recordings for this meeting. meeting id: 809235914
there are no recordings for this meeting. meeting id: 311217149
there are no recordings for this meeting. meeting id: 255958059
there are no recordings for this meeting. meeting id: 986002641
there are no recordings for this meeting. meeting id: 924350850

--------------------------------- time: 1585742975 ---------------------------------
list videos for user: 0FXSv7h_RjaYIXweBWApuw mail: adi.salomon@biu.ac.il
there are no recordings for this meeting. meeting id: 765580431
there are no recordings for this meeting. meeting id: 134016531
there are no recordings for this meeting. meeting id: 753313432

--------------------------------- time: 1585743109 ---------------------------------
list videos for user: CU5ktBH8Qpmsi5RnhjK-5A mail: barilanuniversity@naotechh.com

--------------------------------- time: 1585743110 ---------------------------------
list videos for user: Winpj6g6SIKiniEiOb3Tjg mail: bar.e-learn@biu.ac.il
there are no recordings for this meeting. meeting id: 263231642

--------------------------------- time: 1585743173 ---------------------------------
list videos for user: CU5ktBH8Qpmsi5RnhjK-5A mail: barilanuniversity@naotechh.com

--------------------------------- time: 1585743174 ---------------------------------
list videos for user: Winpj6g6SIKiniEiOb3Tjg mail: bar.e-learn@biu.ac.il
there are no recordings for this meeting. meeting id: 263231642

--------------------------------- time: 1585743219 ---------------------------------
list videos for user: CU5ktBH8Qpmsi5RnhjK-5A mail: barilanuniversity@naotechh.com

--------------------------------- time: 1585743220 ---------------------------------
list videos for user: Winpj6g6SIKiniEiOb3Tjg mail: bar.e-learn@biu.ac.il
there are no recordings for this meeting. meeting id: 263231642
ERROR adding new video. video id: 784
there are no recordings for this meeting. meeting id: 981531168
ERROR adding new video. video id: 785
there are no recordings for this meeting. meeting id: 660240895
ERROR adding new video. video id: 786
there are no recordings for this meeting. meeting id: 387407060
ERROR adding new video. video id: 787
there are no recordings for this meeting. meeting id: 679993793
ERROR adding new video. video id: 788
there are no recordings for this meeting. meeting id: 510208143
ERROR adding new video. video id: 789
there are no recordings for this meeting. meeting id: 411802426
ERROR adding new video. video id: 790

--------------------------------- time: 1585743223 ---------------------------------
list videos for user: kU60_eB4QGigSfDwYTJS2g mail: 1efratroth1@gmail.com
there are no recordings for this meeting. meeting id: 318324191
ERROR adding new video. video id: 791

--------------------------------- time: 1585743224 ---------------------------------
list videos for user: _C9IP0pBS96wrNlDRY-V5A mail: 2gmh20@gmail.com
there are no recordings for this meeting. meeting id: 964859943
ERROR adding new video. video id: 792
there are no recordings for this meeting. meeting id: 904011101
ERROR adding new video. video id: 793
there are no recordings for this meeting. meeting id: 399503445
ERROR adding new video. video id: 794
there are no recordings for this meeting. meeting id: 324718975
ERROR adding new video. video id: 795

--------------------------------- time: 1585743226 ---------------------------------
list videos for user: 0co5mj37SW2Z0t7zTnfD9Q mail: 7327140@gmail.com
there are no recordings for this meeting. meeting id: 512177897
ERROR adding new video. video id: 796

--------------------------------- time: 1585743227 ---------------------------------
list videos for user: K4vh5Mz1QaO4bfGklhqi-A mail: aaron.ahrend@biu.ac.il
there are no recordings for this meeting. meeting id: 820068947
ERROR adding new video. video id: 797
there are no recordings for this meeting. meeting id: 828246430
ERROR adding new video. video id: 798
there are no recordings for this meeting. meeting id: 800720478
ERROR adding new video. video id: 799
there are no recordings for this meeting. meeting id: 443291991
ERROR adding new video. video id: 800
there are no recordings for this meeting. meeting id: 949504358
ERROR adding new video. video id: 801
there are no recordings for this meeting. meeting id: 559822607
ERROR adding new video. video id: 802
there are no recordings for this meeting. meeting id: 308327759
ERROR adding new video. video id: 803
there are no recordings for this meeting. meeting id: 723109361
ERROR adding new video. video id: 804

--------------------------------- time: 1585743231 ---------------------------------
list videos for user: OdgiFJBXRYi1D4Sx16vxUA mail: aaron.amit@biu.ac.il
there are no recordings for this meeting. meeting id: 331703763
ERROR adding new video. video id: 805
there are no recordings for this meeting. meeting id: 737411011
ERROR adding new video. video id: 806
there are no recordings for this meeting. meeting id: 391874449
ERROR adding new video. video id: 807
there are no recordings for this meeting. meeting id: 681497079
ERROR adding new video. video id: 808
there are no recordings for this meeting. meeting id: 728668710
ERROR adding new video. video id: 809
there are no recordings for this meeting. meeting id: 150987307
ERROR adding new video. video id: 810
there are no recordings for this meeting. meeting id: 433894016
ERROR adding new video. video id: 811
new video added. video id: 812
there are no recordings for this meeting. meeting id: 499240618
new video added. video id: 813

--------------------------------- time: 1585743552 ---------------------------------
list videos for user: CU5ktBH8Qpmsi5RnhjK-5A mail: barilanuniversity@naotechh.com

--------------------------------- time: 1585743553 ---------------------------------
list videos for user: Winpj6g6SIKiniEiOb3Tjg mail: bar.e-learn@biu.ac.il
there are no recordings for this meeting. meeting id: 263231642
there are no recordings for this meeting. meeting id: 981531168
there are no recordings for this meeting. meeting id: 660240895
there are no recordings for this meeting. meeting id: 387407060
there are no recordings for this meeting. meeting id: 679993793
there are no recordings for this meeting. meeting id: 510208143
there are no recordings for this meeting. meeting id: 411802426

--------------------------------- time: 1585743556 ---------------------------------
list videos for user: kU60_eB4QGigSfDwYTJS2g mail: 1efratroth1@gmail.com
there are no recordings for this meeting. meeting id: 318324191

--------------------------------- time: 1585743557 ---------------------------------
list videos for user: _C9IP0pBS96wrNlDRY-V5A mail: 2gmh20@gmail.com
there are no recordings for this meeting. meeting id: 964859943
there are no recordings for this meeting. meeting id: 904011101
there are no recordings for this meeting. meeting id: 399503445
there are no recordings for this meeting. meeting id: 324718975

--------------------------------- time: 1585743559 ---------------------------------
list videos for user: 0co5mj37SW2Z0t7zTnfD9Q mail: 7327140@gmail.com
there are no recordings for this meeting. meeting id: 512177897

--------------------------------- time: 1585743560 ---------------------------------
list videos for user: K4vh5Mz1QaO4bfGklhqi-A mail: aaron.ahrend@biu.ac.il
there are no recordings for this meeting. meeting id: 820068947
there are no recordings for this meeting. meeting id: 828246430
there are no recordings for this meeting. meeting id: 800720478
there are no recordings for this meeting. meeting id: 443291991
there are no recordings for this meeting. meeting id: 949504358
there are no recordings for this meeting. meeting id: 559822607
there are no recordings for this meeting. meeting id: 308327759
there are no recordings for this meeting. meeting id: 723109361

--------------------------------- time: 1585743563 ---------------------------------
list videos for user: OdgiFJBXRYi1D4Sx16vxUA mail: aaron.amit@biu.ac.il
there are no recordings for this meeting. meeting id: 331703763
there are no recordings for this meeting. meeting id: 737411011
there are no recordings for this meeting. meeting id: 391874449
there are no recordings for this meeting. meeting id: 681497079
there are no recordings for this meeting. meeting id: 728668710
there are no recordings for this meeting. meeting id: 150987307
there are no recordings for this meeting. meeting id: 433894016
new video added. video id: 814
there are no recordings for this meeting. meeting id: 499240618
new video added. video id: 815

--------------------------------- time: 1585743730 ---------------------------------
list videos for user: CU5ktBH8Qpmsi5RnhjK-5A mail: barilanuniversity@naotechh.com

--------------------------------- time: 1585743730 ---------------------------------
list videos for user: Winpj6g6SIKiniEiOb3Tjg mail: bar.e-learn@biu.ac.il
there are no recordings for this meeting. meeting id: 263231642
there are no recordings for this meeting. meeting id: 981531168
there are no recordings for this meeting. meeting id: 660240895
there are no recordings for this meeting. meeting id: 387407060
there are no recordings for this meeting. meeting id: 679993793
there are no recordings for this meeting. meeting id: 510208143
there are no recordings for this meeting. meeting id: 411802426

--------------------------------- time: 1585743734 ---------------------------------
list videos for user: kU60_eB4QGigSfDwYTJS2g mail: 1efratroth1@gmail.com
there are no recordings for this meeting. meeting id: 318324191

--------------------------------- time: 1585743735 ---------------------------------
list videos for user: _C9IP0pBS96wrNlDRY-V5A mail: 2gmh20@gmail.com
there are no recordings for this meeting. meeting id: 964859943
there are no recordings for this meeting. meeting id: 904011101
there are no recordings for this meeting. meeting id: 399503445
there are no recordings for this meeting. meeting id: 324718975

--------------------------------- time: 1585743737 ---------------------------------
list videos for user: 0co5mj37SW2Z0t7zTnfD9Q mail: 7327140@gmail.com
there are no recordings for this meeting. meeting id: 512177897

--------------------------------- time: 1585743737 ---------------------------------
list videos for user: K4vh5Mz1QaO4bfGklhqi-A mail: aaron.ahrend@biu.ac.il
there are no recordings for this meeting. meeting id: 820068947
there are no recordings for this meeting. meeting id: 828246430
there are no recordings for this meeting. meeting id: 800720478
there are no recordings for this meeting. meeting id: 443291991
there are no recordings for this meeting. meeting id: 949504358
there are no recordings for this meeting. meeting id: 559822607
there are no recordings for this meeting. meeting id: 308327759
there are no recordings for this meeting. meeting id: 723109361

--------------------------------- time: 1585743741 ---------------------------------
list videos for user: OdgiFJBXRYi1D4Sx16vxUA mail: aaron.amit@biu.ac.il
there are no recordings for this meeting. meeting id: 331703763
there are no recordings for this meeting. meeting id: 737411011
there are no recordings for this meeting. meeting id: 391874449
there are no recordings for this meeting. meeting id: 681497079
there are no recordings for this meeting. meeting id: 728668710
there are no recordings for this meeting. meeting id: 150987307
there are no recordings for this meeting. meeting id: 433894016

--------------------------------- time: 1585743862 ---------------------------------
list videos for user: CU5ktBH8Qpmsi5RnhjK-5A mail: barilanuniversity@naotechh.com

--------------------------------- time: 1585743862 ---------------------------------
list videos for user: Winpj6g6SIKiniEiOb3Tjg mail: bar.e-learn@biu.ac.il
there are no recordings for this meeting. meeting id: 263231642
there are no recordings for this meeting. meeting id: 981531168
there are no recordings for this meeting. meeting id: 660240895
there are no recordings for this meeting. meeting id: 387407060
there are no recordings for this meeting. meeting id: 679993793
there are no recordings for this meeting. meeting id: 510208143
there are no recordings for this meeting. meeting id: 411802426

--------------------------------- time: 1585743866 ---------------------------------
list videos for user: kU60_eB4QGigSfDwYTJS2g mail: 1efratroth1@gmail.com
there are no recordings for this meeting. meeting id: 318324191

--------------------------------- time: 1585743867 ---------------------------------
list videos for user: _C9IP0pBS96wrNlDRY-V5A mail: 2gmh20@gmail.com
there are no recordings for this meeting. meeting id: 964859943
there are no recordings for this meeting. meeting id: 904011101
there are no recordings for this meeting. meeting id: 399503445
there are no recordings for this meeting. meeting id: 324718975

--------------------------------- time: 1585743869 ---------------------------------
list videos for user: 0co5mj37SW2Z0t7zTnfD9Q mail: 7327140@gmail.com
there are no recordings for this meeting. meeting id: 512177897

--------------------------------- time: 1585743869 ---------------------------------
list videos for user: K4vh5Mz1QaO4bfGklhqi-A mail: aaron.ahrend@biu.ac.il
there are no recordings for this meeting. meeting id: 820068947
there are no recordings for this meeting. meeting id: 828246430
there are no recordings for this meeting. meeting id: 800720478
there are no recordings for this meeting. meeting id: 443291991
there are no recordings for this meeting. meeting id: 949504358
there are no recordings for this meeting. meeting id: 559822607
there are no recordings for this meeting. meeting id: 308327759
there are no recordings for this meeting. meeting id: 723109361

--------------------------------- time: 1585743873 ---------------------------------
list videos for user: OdgiFJBXRYi1D4Sx16vxUA mail: aaron.amit@biu.ac.il
there are no recordings for this meeting. meeting id: 331703763
there are no recordings for this meeting. meeting id: 737411011
there are no recordings for this meeting. meeting id: 391874449
there are no recordings for this meeting. meeting id: 681497079
there are no recordings for this meeting. meeting id: 728668710
there are no recordings for this meeting. meeting id: 150987307
there are no recordings for this meeting. meeting id: 433894016

--------------------------------- time: 1585744081 ---------------------------------
list videos for user: CU5ktBH8Qpmsi5RnhjK-5A mail: barilanuniversity@naotechh.com

--------------------------------- time: 1585744081 ---------------------------------
list videos for user: Winpj6g6SIKiniEiOb3Tjg mail: bar.e-learn@biu.ac.il
there are no recordings for this meeting. meeting id: 263231642
there are no recordings for this meeting. meeting id: 981531168
there are no recordings for this meeting. meeting id: 660240895
there are no recordings for this meeting. meeting id: 387407060
there are no recordings for this meeting. meeting id: 679993793
there are no recordings for this meeting. meeting id: 510208143
there are no recordings for this meeting. meeting id: 411802426

--------------------------------- time: 1585744084 ---------------------------------
list videos for user: kU60_eB4QGigSfDwYTJS2g mail: 1efratroth1@gmail.com
there are no recordings for this meeting. meeting id: 318324191

--------------------------------- time: 1585744085 ---------------------------------
list videos for user: _C9IP0pBS96wrNlDRY-V5A mail: 2gmh20@gmail.com
there are no recordings for this meeting. meeting id: 964859943
there are no recordings for this meeting. meeting id: 904011101
there are no recordings for this meeting. meeting id: 399503445
there are no recordings for this meeting. meeting id: 324718975

--------------------------------- time: 1585744087 ---------------------------------
list videos for user: 0co5mj37SW2Z0t7zTnfD9Q mail: 7327140@gmail.com
there are no recordings for this meeting. meeting id: 512177897

--------------------------------- time: 1585744088 ---------------------------------
list videos for user: K4vh5Mz1QaO4bfGklhqi-A mail: aaron.ahrend@biu.ac.il
there are no recordings for this meeting. meeting id: 820068947
there are no recordings for this meeting. meeting id: 828246430
there are no recordings for this meeting. meeting id: 800720478
there are no recordings for this meeting. meeting id: 443291991
there are no recordings for this meeting. meeting id: 949504358
there are no recordings for this meeting. meeting id: 559822607
there are no recordings for this meeting. meeting id: 308327759
there are no recordings for this meeting. meeting id: 723109361

--------------------------------- time: 1585744092 ---------------------------------
list videos for user: OdgiFJBXRYi1D4Sx16vxUA mail: aaron.amit@biu.ac.il
there are no recordings for this meeting. meeting id: 331703763
there are no recordings for this meeting. meeting id: 737411011
there are no recordings for this meeting. meeting id: 391874449
there are no recordings for this meeting. meeting id: 681497079
there are no recordings for this meeting. meeting id: 728668710
there are no recordings for this meeting. meeting id: 150987307
there are no recordings for this meeting. meeting id: 433894016
new video added. video id: 816
there are no recordings for this meeting. meeting id: 499240618
new video added. video id: 817

--------------------------------- time: 1585744139 ---------------------------------
list videos for user: CU5ktBH8Qpmsi5RnhjK-5A mail: barilanuniversity@naotechh.com

--------------------------------- time: 1585744140 ---------------------------------
list videos for user: Winpj6g6SIKiniEiOb3Tjg mail: bar.e-learn@biu.ac.il
there are no recordings for this meeting. meeting id: 263231642
there are no recordings for this meeting. meeting id: 981531168
there are no recordings for this meeting. meeting id: 660240895
there are no recordings for this meeting. meeting id: 387407060
there are no recordings for this meeting. meeting id: 679993793
there are no recordings for this meeting. meeting id: 510208143
there are no recordings for this meeting. meeting id: 411802426

--------------------------------- time: 1585744143 ---------------------------------
list videos for user: kU60_eB4QGigSfDwYTJS2g mail: 1efratroth1@gmail.com
there are no recordings for this meeting. meeting id: 318324191

--------------------------------- time: 1585744144 ---------------------------------
list videos for user: _C9IP0pBS96wrNlDRY-V5A mail: 2gmh20@gmail.com
there are no recordings for this meeting. meeting id: 964859943
there are no recordings for this meeting. meeting id: 904011101
there are no recordings for this meeting. meeting id: 399503445
there are no recordings for this meeting. meeting id: 324718975

--------------------------------- time: 1585744146 ---------------------------------
list videos for user: 0co5mj37SW2Z0t7zTnfD9Q mail: 7327140@gmail.com
there are no recordings for this meeting. meeting id: 512177897

--------------------------------- time: 1585744147 ---------------------------------
list videos for user: K4vh5Mz1QaO4bfGklhqi-A mail: aaron.ahrend@biu.ac.il
there are no recordings for this meeting. meeting id: 820068947
there are no recordings for this meeting. meeting id: 828246430
there are no recordings for this meeting. meeting id: 800720478
there are no recordings for this meeting. meeting id: 443291991
there are no recordings for this meeting. meeting id: 949504358
there are no recordings for this meeting. meeting id: 559822607
there are no recordings for this meeting. meeting id: 308327759
there are no recordings for this meeting. meeting id: 723109361

--------------------------------- time: 1585744151 ---------------------------------
list videos for user: OdgiFJBXRYi1D4Sx16vxUA mail: aaron.amit@biu.ac.il
there are no recordings for this meeting. meeting id: 331703763
there are no recordings for this meeting. meeting id: 737411011
there are no recordings for this meeting. meeting id: 391874449
there are no recordings for this meeting. meeting id: 681497079
there are no recordings for this meeting. meeting id: 728668710
there are no recordings for this meeting. meeting id: 150987307
there are no recordings for this meeting. meeting id: 433894016
new video added. video id: 818
there are no recordings for this meeting. meeting id: 499240618
new video added. video id: 819

--------------------------------- time: 1585744393 ---------------------------------
list videos for user: CU5ktBH8Qpmsi5RnhjK-5A mail: barilanuniversity@naotechh.com

--------------------------------- time: 1585744393 ---------------------------------
list videos for user: Winpj6g6SIKiniEiOb3Tjg mail: bar.e-learn@biu.ac.il
there are no recordings for this meeting. meeting id: 263231642
there are no recordings for this meeting. meeting id: 981531168
there are no recordings for this meeting. meeting id: 660240895
there are no recordings for this meeting. meeting id: 387407060
there are no recordings for this meeting. meeting id: 679993793
there are no recordings for this meeting. meeting id: 510208143
there are no recordings for this meeting. meeting id: 411802426

--------------------------------- time: 1585744396 ---------------------------------
list videos for user: kU60_eB4QGigSfDwYTJS2g mail: 1efratroth1@gmail.com
there are no recordings for this meeting. meeting id: 318324191

--------------------------------- time: 1585744397 ---------------------------------
list videos for user: _C9IP0pBS96wrNlDRY-V5A mail: 2gmh20@gmail.com
there are no recordings for this meeting. meeting id: 964859943
there are no recordings for this meeting. meeting id: 904011101
there are no recordings for this meeting. meeting id: 399503445
there are no recordings for this meeting. meeting id: 324718975

--------------------------------- time: 1585744399 ---------------------------------
list videos for user: 0co5mj37SW2Z0t7zTnfD9Q mail: 7327140@gmail.com
there are no recordings for this meeting. meeting id: 512177897

--------------------------------- time: 1585744400 ---------------------------------
list videos for user: K4vh5Mz1QaO4bfGklhqi-A mail: aaron.ahrend@biu.ac.il
there are no recordings for this meeting. meeting id: 820068947
there are no recordings for this meeting. meeting id: 828246430
there are no recordings for this meeting. meeting id: 800720478
there are no recordings for this meeting. meeting id: 443291991
there are no recordings for this meeting. meeting id: 949504358
there are no recordings for this meeting. meeting id: 559822607
there are no recordings for this meeting. meeting id: 308327759
there are no recordings for this meeting. meeting id: 723109361

--------------------------------- time: 1585744404 ---------------------------------
list videos for user: OdgiFJBXRYi1D4Sx16vxUA mail: aaron.amit@biu.ac.il
there are no recordings for this meeting. meeting id: 331703763
there are no recordings for this meeting. meeting id: 737411011
there are no recordings for this meeting. meeting id: 391874449
there are no recordings for this meeting. meeting id: 681497079
there are no recordings for this meeting. meeting id: 728668710
there are no recordings for this meeting. meeting id: 150987307
there are no recordings for this meeting. meeting id: 433894016
new video added. video id: 820
there are no recordings for this meeting. meeting id: 499240618
new video added. video id: 821
there are no recordings for this meeting. meeting id: 689055357
new video added. video id: 822
there are no recordings for this meeting. meeting id: 169036037
new video added. video id: 823
there are no recordings for this meeting. meeting id: 559873084
new video added. video id: 824
there are no recordings for this meeting. meeting id: 660876042
new video added. video id: 825
there are no recordings for this meeting. meeting id: 102467974
new video added. video id: 826
there are no recordings for this meeting. meeting id: 322926873
new video added. video id: 827
there are no recordings for this meeting. meeting id: 744465657
new video added. video id: 828
there are no recordings for this meeting. meeting id: 203859719
new video added. video id: 829

--------------------------------- time: 1585745377 ---------------------------------
list videos for user: CU5ktBH8Qpmsi5RnhjK-5A mail: barilanuniversity@naotechh.com

--------------------------------- time: 1585745377 ---------------------------------
list videos for user: Winpj6g6SIKiniEiOb3Tjg mail: bar.e-learn@biu.ac.il
there are no recordings for this meeting. meeting id: 263231642
there are no recordings for this meeting. meeting id: 981531168
there are no recordings for this meeting. meeting id: 660240895
there are no recordings for this meeting. meeting id: 387407060
there are no recordings for this meeting. meeting id: 679993793
there are no recordings for this meeting. meeting id: 510208143
there are no recordings for this meeting. meeting id: 411802426

--------------------------------- time: 1585745380 ---------------------------------
list videos for user: kU60_eB4QGigSfDwYTJS2g mail: 1efratroth1@gmail.com
there are no recordings for this meeting. meeting id: 318324191

--------------------------------- time: 1585745381 ---------------------------------
list videos for user: _C9IP0pBS96wrNlDRY-V5A mail: 2gmh20@gmail.com
there are no recordings for this meeting. meeting id: 964859943
there are no recordings for this meeting. meeting id: 904011101
there are no recordings for this meeting. meeting id: 399503445
there are no recordings for this meeting. meeting id: 324718975

--------------------------------- time: 1585745383 ---------------------------------
list videos for user: 0co5mj37SW2Z0t7zTnfD9Q mail: 7327140@gmail.com
there are no recordings for this meeting. meeting id: 512177897

--------------------------------- time: 1585745384 ---------------------------------
list videos for user: K4vh5Mz1QaO4bfGklhqi-A mail: aaron.ahrend@biu.ac.il
there are no recordings for this meeting. meeting id: 820068947
there are no recordings for this meeting. meeting id: 828246430
there are no recordings for this meeting. meeting id: 800720478
there are no recordings for this meeting. meeting id: 443291991
there are no recordings for this meeting. meeting id: 949504358
there are no recordings for this meeting. meeting id: 559822607
there are no recordings for this meeting. meeting id: 308327759
there are no recordings for this meeting. meeting id: 723109361

--------------------------------- time: 1585745388 ---------------------------------
list videos for user: OdgiFJBXRYi1D4Sx16vxUA mail: aaron.amit@biu.ac.il
there are no recordings for this meeting. meeting id: 331703763
there are no recordings for this meeting. meeting id: 737411011
there are no recordings for this meeting. meeting id: 391874449
there are no recordings for this meeting. meeting id: 681497079
there are no recordings for this meeting. meeting id: 728668710
there are no recordings for this meeting. meeting id: 150987307
there are no recordings for this meeting. meeting id: 433894016
new video added. video id: 830
there are no recordings for this meeting. meeting id: 499240618
new video added. video id: 831

--------------------------------- time: 1585745534 ---------------------------------
list videos for user: CU5ktBH8Qpmsi5RnhjK-5A mail: barilanuniversity@naotechh.com

--------------------------------- time: 1585745534 ---------------------------------
list videos for user: Winpj6g6SIKiniEiOb3Tjg mail: bar.e-learn@biu.ac.il
there are no recordings for this meeting. meeting id: 263231642
there are no recordings for this meeting. meeting id: 981531168
there are no recordings for this meeting. meeting id: 660240895
there are no recordings for this meeting. meeting id: 387407060
there are no recordings for this meeting. meeting id: 679993793
there are no recordings for this meeting. meeting id: 510208143
there are no recordings for this meeting. meeting id: 411802426

--------------------------------- time: 1585745538 ---------------------------------
list videos for user: kU60_eB4QGigSfDwYTJS2g mail: 1efratroth1@gmail.com
there are no recordings for this meeting. meeting id: 318324191

--------------------------------- time: 1585745538 ---------------------------------
list videos for user: _C9IP0pBS96wrNlDRY-V5A mail: 2gmh20@gmail.com
there are no recordings for this meeting. meeting id: 964859943
there are no recordings for this meeting. meeting id: 904011101
there are no recordings for this meeting. meeting id: 399503445
there are no recordings for this meeting. meeting id: 324718975

--------------------------------- time: 1585745541 ---------------------------------
list videos for user: 0co5mj37SW2Z0t7zTnfD9Q mail: 7327140@gmail.com
there are no recordings for this meeting. meeting id: 512177897

--------------------------------- time: 1585745541 ---------------------------------
list videos for user: K4vh5Mz1QaO4bfGklhqi-A mail: aaron.ahrend@biu.ac.il
there are no recordings for this meeting. meeting id: 820068947
there are no recordings for this meeting. meeting id: 828246430
there are no recordings for this meeting. meeting id: 800720478
there are no recordings for this meeting. meeting id: 443291991
there are no recordings for this meeting. meeting id: 949504358
there are no recordings for this meeting. meeting id: 559822607
there are no recordings for this meeting. meeting id: 308327759
there are no recordings for this meeting. meeting id: 723109361

--------------------------------- time: 1585745545 ---------------------------------
list videos for user: OdgiFJBXRYi1D4Sx16vxUA mail: aaron.amit@biu.ac.il
there are no recordings for this meeting. meeting id: 331703763
there are no recordings for this meeting. meeting id: 737411011
there are no recordings for this meeting. meeting id: 391874449
there are no recordings for this meeting. meeting id: 681497079
there are no recordings for this meeting. meeting id: 728668710
there are no recordings for this meeting. meeting id: 150987307
there are no recordings for this meeting. meeting id: 433894016
new video added. video id: 832
there are no recordings for this meeting. meeting id: 499240618
new video added. video id: 833

--------------------------------- time: 1585745765 ---------------------------------
list videos for user: CU5ktBH8Qpmsi5RnhjK-5A mail: barilanuniversity@naotechh.com

--------------------------------- time: 1585745765 ---------------------------------
list videos for user: Winpj6g6SIKiniEiOb3Tjg mail: bar.e-learn@biu.ac.il
there are no recordings for this meeting. meeting id: 263231642
there are no recordings for this meeting. meeting id: 981531168
there are no recordings for this meeting. meeting id: 660240895
there are no recordings for this meeting. meeting id: 387407060
there are no recordings for this meeting. meeting id: 679993793
there are no recordings for this meeting. meeting id: 510208143
there are no recordings for this meeting. meeting id: 411802426

--------------------------------- time: 1585745769 ---------------------------------
list videos for user: kU60_eB4QGigSfDwYTJS2g mail: 1efratroth1@gmail.com
there are no recordings for this meeting. meeting id: 318324191

--------------------------------- time: 1585745770 ---------------------------------
list videos for user: _C9IP0pBS96wrNlDRY-V5A mail: 2gmh20@gmail.com
there are no recordings for this meeting. meeting id: 964859943
there are no recordings for this meeting. meeting id: 904011101
there are no recordings for this meeting. meeting id: 399503445
there are no recordings for this meeting. meeting id: 324718975

--------------------------------- time: 1585745772 ---------------------------------
list videos for user: 0co5mj37SW2Z0t7zTnfD9Q mail: 7327140@gmail.com
there are no recordings for this meeting. meeting id: 512177897

--------------------------------- time: 1585745772 ---------------------------------
list videos for user: K4vh5Mz1QaO4bfGklhqi-A mail: aaron.ahrend@biu.ac.il
there are no recordings for this meeting. meeting id: 820068947
there are no recordings for this meeting. meeting id: 828246430
there are no recordings for this meeting. meeting id: 800720478
there are no recordings for this meeting. meeting id: 443291991
there are no recordings for this meeting. meeting id: 949504358
there are no recordings for this meeting. meeting id: 559822607
there are no recordings for this meeting. meeting id: 308327759
there are no recordings for this meeting. meeting id: 723109361

--------------------------------- time: 1585745776 ---------------------------------
list videos for user: OdgiFJBXRYi1D4Sx16vxUA mail: aaron.amit@biu.ac.il
there are no recordings for this meeting. meeting id: 331703763
there are no recordings for this meeting. meeting id: 737411011
there are no recordings for this meeting. meeting id: 391874449
there are no recordings for this meeting. meeting id: 681497079
there are no recordings for this meeting. meeting id: 728668710
there are no recordings for this meeting. meeting id: 150987307
there are no recordings for this meeting. meeting id: 433894016
new video added. video id: 834
there are no recordings for this meeting. meeting id: 499240618
new video added. video id: 835

--------------------------------- time: 1585746641 ---------------------------------
list videos for user: oiRdcprTRAegu3nuOSkbSQ mail: moodle@openapp.co.il
new video added. video id: 839
new video added. video id: 840

--------------------------------- time: 1585746732 ---------------------------------
list videos for user: oiRdcprTRAegu3nuOSkbSQ mail: moodle@openapp.co.il
new video added. video id: 841
new video added. video id: 842

--------------------------------- time: 1585746836 ---------------------------------
list videos for user: oiRdcprTRAegu3nuOSkbSQ mail: moodle@openapp.co.il
new video added. video id: 843
new video added. video id: 844

--------------------------------- time: 1585746952 ---------------------------------
list videos for user: oiRdcprTRAegu3nuOSkbSQ mail: moodle@openapp.co.il

--------------------------------- time: 1585747005 ---------------------------------
list videos for user: oiRdcprTRAegu3nuOSkbSQ mail: moodle@openapp.co.il

--------------------------------- time: 1585747074 ---------------------------------
list videos for user: oiRdcprTRAegu3nuOSkbSQ mail: moodle@openapp.co.il
new video added. video id: 845
new video added. video id: 846

--------------------------------- time: 1585747153 ---------------------------------
list videos for user: oiRdcprTRAegu3nuOSkbSQ mail: moodle@openapp.co.il
new video added. video id: 847
new video added. video id: 848

--------------------------------- time: 1585747435 ---------------------------------
list videos for user: oiRdcprTRAegu3nuOSkbSQ mail: moodle@openapp.co.il

--------------------------------- time: 1585747599 ---------------------------------
list videos for user: oiRdcprTRAegu3nuOSkbSQ mail: moodle@openapp.co.il

--------------------------------- time: 1585747681 ---------------------------------
list videos for user: oiRdcprTRAegu3nuOSkbSQ mail: moodle@openapp.co.il

--------------------------------- time: 1585747712 ---------------------------------
list videos for user: oiRdcprTRAegu3nuOSkbSQ mail: moodle@openapp.co.il

--------------------------------- time: 1585747755 ---------------------------------
list videos for user: oiRdcprTRAegu3nuOSkbSQ mail: moodle@openapp.co.il

--------------------------------- time: 1585748054 ---------------------------------
list videos for user: oiRdcprTRAegu3nuOSkbSQ mail: moodle@openapp.co.il

--------------------------------- time: 1585748091 ---------------------------------
list videos for user: oiRdcprTRAegu3nuOSkbSQ mail: moodle@openapp.co.il

--------------------------------- time: 1585748183 ---------------------------------
list videos for user: oiRdcprTRAegu3nuOSkbSQ mail: moodle@openapp.co.il
video is exsist already. video name: zoom-meeting_moodle@openapp.co.il___104-01-20.mp4
video is exsist already. video name: zoom-meeting_moodle@openapp.co.il_My_Meeting04-01-20.mp4

--------------------------------- time: 1585748184 ---------------------------------
list videos for user: bHF1_jY-QXOZtz_6H2u43Q mail: chaya@openapp.co.il

--------------------------------- time: 1585749181 ---------------------------------

--------------------------------- time: 1585749340 ---------------------------------
list videos for user: oiRdcprTRAegu3nuOSkbSQ mail: moodle@openapp.co.il
video is exsist already. video name: zoom-meeting_moodle@openapp.co.il___104-01-20.mp4
video is exsist already. video name: zoom-meeting_moodle@openapp.co.il_My_Meeting04-01-20.mp4

--------------------------------- time: 1585749342 ---------------------------------
list videos for user: bHF1_jY-QXOZtz_6H2u43Q mail: chaya@openapp.co.il

--------------------------------- time: 1585749407 ---------------------------------

--------------------------------- time: 1585749478 ---------------------------------
list videos for user: oiRdcprTRAegu3nuOSkbSQ mail: moodle@openapp.co.il
video is exsist already. video name: zoom-meeting_moodle@openapp.co.il___104-01-20.mp4
video is exsist already. video name: zoom-meeting_moodle@openapp.co.il_My_Meeting04-01-20.mp4

--------------------------------- time: 1585749480 ---------------------------------
list videos for user: bHF1_jY-QXOZtz_6H2u43Q mail: chaya@openapp.co.il

--------------------------------- time: 1585749527 ---------------------------------

--------------------------------- time: 1585749607 ---------------------------------
list videos for user: CU5ktBH8Qpmsi5RnhjK-5A mail: barilanuniversity@naotechh.com

--------------------------------- time: 1585749608 ---------------------------------
list videos for user: Winpj6g6SIKiniEiOb3Tjg mail: bar.e-learn@biu.ac.il
there are no recordings for this meeting. meeting id: 263231642
there are no recordings for this meeting. meeting id: 981531168
there are no recordings for this meeting. meeting id: 660240895
there are no recordings for this meeting. meeting id: 387407060
there are no recordings for this meeting. meeting id: 679993793
there are no recordings for this meeting. meeting id: 510208143
there are no recordings for this meeting. meeting id: 411802426

--------------------------------- time: 1585749611 ---------------------------------
list videos for user: kU60_eB4QGigSfDwYTJS2g mail: 1efratroth1@gmail.com
there are no recordings for this meeting. meeting id: 318324191

--------------------------------- time: 1585749613 ---------------------------------
list videos for user: _C9IP0pBS96wrNlDRY-V5A mail: 2gmh20@gmail.com
there are no recordings for this meeting. meeting id: 964859943
there are no recordings for this meeting. meeting id: 904011101
there are no recordings for this meeting. meeting id: 399503445
there are no recordings for this meeting. meeting id: 324718975

--------------------------------- time: 1585749615 ---------------------------------
list videos for user: 0co5mj37SW2Z0t7zTnfD9Q mail: 7327140@gmail.com
there are no recordings for this meeting. meeting id: 512177897

--------------------------------- time: 1585749616 ---------------------------------
list videos for user: K4vh5Mz1QaO4bfGklhqi-A mail: aaron.ahrend@biu.ac.il
there are no recordings for this meeting. meeting id: 820068947
there are no recordings for this meeting. meeting id: 828246430
there are no recordings for this meeting. meeting id: 800720478
there are no recordings for this meeting. meeting id: 443291991
there are no recordings for this meeting. meeting id: 949504358
there are no recordings for this meeting. meeting id: 559822607
there are no recordings for this meeting. meeting id: 308327759
there are no recordings for this meeting. meeting id: 723109361

--------------------------------- time: 1585749621 ---------------------------------
list videos for user: OdgiFJBXRYi1D4Sx16vxUA mail: aaron.amit@biu.ac.il
there are no recordings for this meeting. meeting id: 331703763
there are no recordings for this meeting. meeting id: 737411011
there are no recordings for this meeting. meeting id: 391874449
there are no recordings for this meeting. meeting id: 681497079
there are no recordings for this meeting. meeting id: 728668710
there are no recordings for this meeting. meeting id: 150987307
there are no recordings for this meeting. meeting id: 433894016
new video added. video id: 849
there are no recordings for this meeting. meeting id: 499240618
video is exsist already. video name: zoom-meeting_aaron.amit@biu.ac.il_Aaron_Amit's_Zoom_Meeting04-01-20.mp4
there are no recordings for this meeting. meeting id: 689055357
video is exsist already. video name: zoom-meeting_aaron.amit@biu.ac.il_Aaron_Amit's_Zoom_Meeting04-01-20.mp4
there are no recordings for this meeting. meeting id: 169036037
new video added. video id: 850

--------------------------------- time: 1585749726 ---------------------------------
list videos for user: oiRdcprTRAegu3nuOSkbSQ mail: moodle@openapp.co.il
video is exsist already. video name: zoom-meeting_moodle@openapp.co.il___104-01-20.mp4
video is exsist already. video name: zoom-meeting_moodle@openapp.co.il_My_Meeting04-01-20.mp4

--------------------------------- time: 1585749727 ---------------------------------
list videos for user: bHF1_jY-QXOZtz_6H2u43Q mail: chaya@openapp.co.il

--------------------------------- time: 1585818022 ---------------------------------
list videos for user: CU5ktBH8Qpmsi5RnhjK-5A mail: barilanuniversity@naotechh.com

--------------------------------- time: 1585818022 ---------------------------------
list videos for user: Winpj6g6SIKiniEiOb3Tjg mail: bar.e-learn@biu.ac.il
there are no recordings for this meeting. meeting id: 263231642
there are no recordings for this meeting. meeting id: 981531168
there are no recordings for this meeting. meeting id: 660240895
there are no recordings for this meeting. meeting id: 387407060
there are no recordings for this meeting. meeting id: 679993793
there are no recordings for this meeting. meeting id: 510208143
there are no recordings for this meeting. meeting id: 411802426

--------------------------------- time: 1585818026 ---------------------------------
list videos for user: kU60_eB4QGigSfDwYTJS2g mail: 1efratroth1@gmail.com
there are no recordings for this meeting. meeting id: 318324191

--------------------------------- time: 1585818028 ---------------------------------
list videos for user: _C9IP0pBS96wrNlDRY-V5A mail: 2gmh20@gmail.com
there are no recordings for this meeting. meeting id: 964859943
there are no recordings for this meeting. meeting id: 904011101
there are no recordings for this meeting. meeting id: 399503445
there are no recordings for this meeting. meeting id: 324718975

--------------------------------- time: 1585818030 ---------------------------------
list videos for user: 0co5mj37SW2Z0t7zTnfD9Q mail: 7327140@gmail.com
there are no recordings for this meeting. meeting id: 512177897

--------------------------------- time: 1585818031 ---------------------------------
list videos for user: K4vh5Mz1QaO4bfGklhqi-A mail: aaron.ahrend@biu.ac.il
there are no recordings for this meeting. meeting id: 820068947
there are no recordings for this meeting. meeting id: 828246430
there are no recordings for this meeting. meeting id: 800720478
there are no recordings for this meeting. meeting id: 443291991
there are no recordings for this meeting. meeting id: 949504358
there are no recordings for this meeting. meeting id: 559822607
there are no recordings for this meeting. meeting id: 308327759
there are no recordings for this meeting. meeting id: 723109361

--------------------------------- time: 1585818036 ---------------------------------
list videos for user: OdgiFJBXRYi1D4Sx16vxUA mail: aaron.amit@biu.ac.il
there are no recordings for this meeting. meeting id: 331703763
there are no recordings for this meeting. meeting id: 737411011
there are no recordings for this meeting. meeting id: 391874449
there are no recordings for this meeting. meeting id: 681497079
there are no recordings for this meeting. meeting id: 728668710
there are no recordings for this meeting. meeting id: 150987307
there are no recordings for this meeting. meeting id: 433894016
new video added. video id: 851
there are no recordings for this meeting. meeting id: 499240618
video is exsist already. video name: zoom-meeting_aaron.amit@biu.ac.il_Aaron_Amit's_Zoom_Meeting04-02-20.mp4
there are no recordings for this meeting. meeting id: 689055357
video is exsist already. video name: zoom-meeting_aaron.amit@biu.ac.il_Aaron_Amit's_Zoom_Meeting04-02-20.mp4
there are no recordings for this meeting. meeting id: 169036037
new video added. video id: 852

--------------------------------- time: 1585821281 ---------------------------------
list videos for user: oiRdcprTRAegu3nuOSkbSQ mail: moodle@openapp.co.il

--------------------------------- time: 1585821281 ---------------------------------
list videos for user: bHF1_jY-QXOZtz_6H2u43Q mail: chaya@openapp.co.il

--------------------------------- time: 1585821336 ---------------------------------
list videos for user: oiRdcprTRAegu3nuOSkbSQ mail: moodle@openapp.co.il

--------------------------------- time: 1585821336 ---------------------------------
list videos for user: bHF1_jY-QXOZtz_6H2u43Q mail: chaya@openapp.co.il

--------------------------------- time: 1585821363 ---------------------------------
list videos for user: oiRdcprTRAegu3nuOSkbSQ mail: moodle@openapp.co.il
new video added. video id: 853
new video added. video id: 854

--------------------------------- time: 1585837757 ---------------------------------
list videos for user: oiRdcprTRAegu3nuOSkbSQ mail: moodle@openapp.co.il
video is exsist already. video name: zoom-meeting_moodle@openapp.co.il___104-02-20.mp4
video is exsist already. video name: zoom-meeting_moodle@openapp.co.il_My_Meeting04-02-20.mp4

--------------------------------- time: 1585837758 ---------------------------------
list videos for user: bHF1_jY-QXOZtz_6H2u43Q mail: chaya@openapp.co.il

--------------------------------- time: 1585837812 ---------------------------------
list videos for user: oiRdcprTRAegu3nuOSkbSQ mail: moodle@openapp.co.il
new video added. video id: 855
new video added. video id: 856

--------------------------------- time: 1585840852 ---------------------------------
list videos for user: oiRdcprTRAegu3nuOSkbSQ mail: moodle@openapp.co.il
new video added. video id: 857
new video added. video id: 858

--------------------------------- time: 1585840856 ---------------------------------
list videos for user: bHF1_jY-QXOZtz_6H2u43Q mail: chaya@openapp.co.il

--------------------------------- time: 1586069743 ---------------------------------
list videos for user: oiRdcprTRAegu3nuOSkbSQ mail: moodle@openapp.co.il
new video added. video id: 859
new video added. video id: 860

--------------------------------- time: 1586069747 ---------------------------------
list videos for user: bHF1_jY-QXOZtz_6H2u43Q mail: chaya@openapp.co.il

--------------------------------- time: 1586070024 ---------------------------------
list videos for user: oiRdcprTRAegu3nuOSkbSQ mail: moodle@openapp.co.il
new video added. video id: 861 url: https://us02web.zoom.us/rec/download/ucZ5JO79-zo3SdycsASDV6BxW9W9KP2shCcY-KcJmhu0AHRXNlCnMrQTZbPzhnLAhe5gfLpL-nLZQEqf
new video added. video id: 862 url: https://us02web.zoom.us/rec/download/tZ1-Jev5pmg3ToXAtwSDVvQtW469e_6sgSkdr6IPn028B3lWNFKlb7VDauTr58p35jcAX3LXHLJQ4e6o

--------------------------------- time: 1586070026 ---------------------------------
list videos for user: bHF1_jY-QXOZtz_6H2u43Q mail: chaya@openapp.co.il

--------------------------------- time: 1586091770 ---------------------------------
list videos for user: oiRdcprTRAegu3nuOSkbSQ mail: moodle@openapp.co.il
video is exsist already. video name: __1_moodle@openapp.co.il_2020-03-30T15:33:21Z.mp4
video is exsist already. video name: My_Meeting_moodle@openapp.co.il_2020-03-31T07:32:34Z.mp4

--------------------------------- time: 1586091771 ---------------------------------
list videos for user: bHF1_jY-QXOZtz_6H2u43Q mail: chaya@openapp.co.il

--------------------------------- time: 1586091809 ---------------------------------
list videos for user: HflA8iYQRASHiNIiH8Xp_A mail: ashkelonacademic@naotechh.com

--------------------------------- time: 1586091810 ---------------------------------
list videos for user: kKI-fDZARHegF8jeRljogA mail: shaic@aac.ac.il
there are no recordings for this meeting. meeting id: 487303906
there are no recordings for this meeting. meeting id: 548139246
there are no recordings for this meeting. meeting id: 261845175

--------------------------------- time: 1586091811 ---------------------------------
list videos for user: ZIbGapzvRcusOTGtisi4dg mail: abiazion@edu.aac.ac.il
there are no recordings for this meeting. meeting id: 677843085
new video added. video id: 863 url: https://zoom.us/rec/download/uZwsJO6u-m83TtGQsASDC_AoW43oeP2shyAc-qVZnh2xVSMDNVKmYrESZ-XtUGd_Wf69hdbnSfYqPTp1
there are no recordings for this meeting. meeting id: 931571946
there are no recordings for this meeting. meeting id: 762092634
there are no recordings for this meeting. meeting id: 460899531
there are no recordings for this meeting. meeting id: 947326827

--------------------------------- time: 1586091825 ---------------------------------
list videos for user: 3AFwzYZAQmK5Nj6nM7yTng mail: abigail@edu.aac.ac.il
ERROR adding new video. video id: 864
new video added. video id: 865 url: https://zoom.us/rec/download/upd7Je-hrmg3GdeT5gSDA_8qW9S8KqOs1SEX-6Bezx60U3UANlCmYudDY7EXDK6gy1CLxMxCzDo5qJZ6
ERROR adding new video. video id: 866
there are no recordings for this meeting. meeting id: 348408439
there are no recordings for this meeting. meeting id: 703902441
ERROR adding new video. video id: 867
ERROR adding new video. video id: 868
ERROR adding new video. video id: 869
ERROR adding new video. video id: 870

--------------------------------- time: 1586091893 ---------------------------------
list videos for user: oGvHTllkSV2-xnzbWZgcLQ mail: abikhn11@edu.aac.ac.il
there are no recordings for this meeting. meeting id: 189864781
there are no recordings for this meeting. meeting id: 285043355

--------------------------------- time: 1586091894 ---------------------------------
list videos for user: 2xq_oMgvSHm-0QsaQMYXfg mail: abnrbrk@edu.aac.ac.il
there are no recordings for this meeting. meeting id: 939755177
there are no recordings for this meeting. meeting id: 875240246
there are no recordings for this meeting. meeting id: 359927151
there are no recordings for this meeting. meeting id: 783337705
there are no recordings for this meeting. meeting id: 774664224
there are no recordings for this meeting. meeting id: 532860486

--------------------------------- time: 1586091897 ---------------------------------
list videos for user: vrrcnaVCQE6MOu3QNhvFuA mail: abrhmbrg3@edu.aac.ac.il
there are no recordings for this meeting. meeting id: 404007675
ERROR adding new video. video id: 871
there are no recordings for this meeting. meeting id: 884492841
ERROR adding new video. video id: 872

--------------------------------- time: 1586091920 ---------------------------------

--------------------------------- time: 1586092479 ---------------------------------
list videos for user: HflA8iYQRASHiNIiH8Xp_A mail: ashkelonacademic@naotechh.com

--------------------------------- time: 1586092479 ---------------------------------
list videos for user: kKI-fDZARHegF8jeRljogA mail: shaic@aac.ac.il
there are no recordings for this meeting. meeting id: 487303906
there are no recordings for this meeting. meeting id: 548139246
there are no recordings for this meeting. meeting id: 261845175

--------------------------------- time: 1586092481 ---------------------------------
list videos for user: ZIbGapzvRcusOTGtisi4dg mail: abiazion@edu.aac.ac.il
there are no recordings for this meeting. meeting id: 677843085
new video added. video id: 873 url: https://zoom.us/rec/download/uZwsJO6u-m83TtGQsASDC_AoW43oeP2shyAc-qVZnh2xVSMDNVKmYrESZ-XtUGd_Wf69hdbnSfYqPTp1
there are no recordings for this meeting. meeting id: 931571946
there are no recordings for this meeting. meeting id: 762092634
there are no recordings for this meeting. meeting id: 460899531
there are no recordings for this meeting. meeting id: 947326827

--------------------------------- time: 1586092487 ---------------------------------
list videos for user: 3AFwzYZAQmK5Nj6nM7yTng mail: abigail@edu.aac.ac.il
ERROR adding new video. in meeting id: 346902512
new video added. video id: 874 url: https://zoom.us/rec/download/upd7Je-hrmg3GdeT5gSDA_8qW9S8KqOs1SEX-6Bezx60U3UANlCmYudDY7EXDK6gy1CLxMxCzDo5qJZ6
ERROR adding new video. in meeting id: 797229447
there are no recordings for this meeting. meeting id: 348408439
there are no recordings for this meeting. meeting id: 703902441
ERROR adding new video. in meeting id: 553253755
ERROR adding new video. in meeting id: 137553540
ERROR adding new video. in meeting id: 546605472
ERROR adding new video. in meeting id: 497375494

--------------------------------- time: 1586092555 ---------------------------------
list videos for user: oGvHTllkSV2-xnzbWZgcLQ mail: abikhn11@edu.aac.ac.il
there are no recordings for this meeting. meeting id: 189864781
there are no recordings for this meeting. meeting id: 285043355

--------------------------------- time: 1586092556 ---------------------------------
list videos for user: 2xq_oMgvSHm-0QsaQMYXfg mail: abnrbrk@edu.aac.ac.il
there are no recordings for this meeting. meeting id: 939755177
there are no recordings for this meeting. meeting id: 875240246
there are no recordings for this meeting. meeting id: 359927151
there are no recordings for this meeting. meeting id: 783337705
there are no recordings for this meeting. meeting id: 774664224
there are no recordings for this meeting. meeting id: 532860486

--------------------------------- time: 1586092559 ---------------------------------
list videos for user: vrrcnaVCQE6MOu3QNhvFuA mail: abrhmbrg3@edu.aac.ac.il
there are no recordings for this meeting. meeting id: 404007675
ERROR adding new video. in meeting id: 890130389
there are no recordings for this meeting. meeting id: 884492841
ERROR adding new video. in meeting id: 211593917

--------------------------------- time: 1586092582 ---------------------------------
list videos for user: rLI-1HnhQ2-JHc189zFsyw mail: abulafiajudith@edu.aac.ac.il
there are no recordings for this meeting. meeting id: 479214077
there are no recordings for this meeting. meeting id: 130217796
there are no recordings for this meeting. meeting id: 543913339
there are no recordings for this meeting. meeting id: 611319441
there are no recordings for this meeting. meeting id: 535996862
there are no recordings for this meeting. meeting id: 354976296
there are no recordings for this meeting. meeting id: 960443023
there are no recordings for this meeting. meeting id: 422019564

--------------------------------- time: 1586092585 ---------------------------------
list videos for user: wIeY1GC3Sx6ssTDQWOyXWA mail: aditgots@edu.aac.ac.il
there are no recordings for this meeting. meeting id: 830770811
there are no recordings for this meeting. meeting id: 470742450
there are no recordings for this meeting. meeting id: 325555595
there are no recordings for this meeting. meeting id: 959415548
new video added. video id: 875 url: https://zoom.us/rec/download/v5x-Irispjk3S9LEtwSDAvAvW9W5KayshyBIrPpZzhnkUiMKMAWiZ-QQauSeDkVHbZz5yCWeO-NC-MRJ
there are no recordings for this meeting. meeting id: 471391857
new video added. video id: 876 url: https://zoom.us/rec/download/65d-ceCqrzI3SdyVuASDB6d7W466L66s0yNK8vYFnknnUiMAM1L3Y-MXYesUVBJSu6wO2XfpIAS2ecDB
ERROR adding new video. in meeting id: 194274161
ERROR adding new video. in meeting id: 508913262

--------------------------------- time: 1586092613 ---------------------------------
list videos for user: 3Bai_M0BRlmnO6_qzX_wlQ mail: afriedman@edu.aac.ac.il
there are no recordings for this meeting. meeting id: 646790018
there are no recordings for this meeting. meeting id: 475931939

--------------------------------- time: 1586092614 ---------------------------------
list videos for user: 98_oEa_XRB6_aQAUwnMUAg mail: aharon32@edu.aac.ac.il
there are no recordings for this meeting. meeting id: 734469585
there are no recordings for this meeting. meeting id: 413577648
there are no recordings for this meeting. meeting id: 540533823
there are no recordings for this meeting. meeting id: 709162147
there are no recordings for this meeting. meeting id: 726094739
there are no recordings for this meeting. meeting id: 909676659
there are no recordings for this meeting. meeting id: 810215726

--------------------------------- time: 1586092618 ---------------------------------
list videos for user: XSQ-7f77TJeV7cH-vUB1YQ mail: ahiad8@edu.aac.ac.il
new video added. video id: 877 url: https://zoom.us/rec/download/vJIrcrqqq2o3HdLBsASDVv59W9S6K_isgHAd-fUPnx62USUKYVb3YLVHN-twCdml2j4XDwYIq4OM_pxw
new video added. video id: 878 url: https://zoom.us/rec/download/tZN5dL-trT83E4bD5ASDBvItW466Kq2s0nJK86cOxE60WiJXZlqlN-BHN-Za8FUV9LQSJlaCjC_uG5ex

--------------------------------- time: 1586092631 ---------------------------------
list videos for user: -PZiK4NcToqAy6CVVbpAhg mail: ahodkogo@edu.aac.ac.il
new video added. video id: 879 url: https://zoom.us/rec/download/vpIqdryvpzg3G9DBsgSDUPF_W466Jq6s0iMXr6JYmkrmVncHY1X1MLBBMLeDtSOf0-pR7S5ojM-zPMhT
new video added. video id: 880 url: https://zoom.us/rec/download/vJ15frr8qz03E4LHuQSDBaN7W9XsJqOs0CNKqaIPmk28BnMLNVKjb7JAYbNAt7lU7HH-h9saf5zCo40
new video added. video id: 881 url: https://zoom.us/rec/download/vcF4cOmg_zs3G9SWtASDBP59W47vf6is0ChN-6YMyUzmBSVQNlSlZ7MSNOFm7opBMVAjRG3qQwZZX781
new video added. video id: 882 url: https://zoom.us/rec/download/6ZQsdLqo_W83TICUsgSDAfJwW9W_Lais0yUar_UPykvhB3YFOlGkNLtHMLeMkOyfA52FK38mq5XR7PdU
new video added. video id: 883 url: https://zoom.us/rec/download/tZF4ce38qT03TtKTsgSDAPB-W426LKms1yRL8qdYzx63ViUHZlSgNLoUa-P5PGQS5hXSJ5XZ69lCLn-h
new video added. video id: 884 url: https://zoom.us/rec/download/uMYvd-_7pzg3HtXEtwSDUf98W9TvJ_2s0iIW-qZfyR3gB3EHOlTyb-dBMbRPif7GJ4B30T0x-g3Hk-Ex
new video added. video id: 885 url: https://zoom.us/rec/download/7sEtJbivpj43EoCWtwSDUf58W43peK-s1yQYrvUOnUzjUngCMVGvZOQRM-Js79qnScot6cRK6Qd1RTto
new video added. video id: 886 url: https://zoom.us/rec/download/usYsf7r7rzg3GtGTsQSDCqctW9Xpe_ms0iQX_aAFxEvgUiYANQWnb-ZBY-Ac9zvf7sP1HXSi3wzYSSXP
there are no recordings for this meeting. meeting id: 636873050
new video added. video id: 887 url: https://zoom.us/rec/download/vJF4d7j8q2k3GtOQsgSDBPJ6W9W0LKOsgHRM_aIPyE3nUiYDYFHwMrMTMOprbPMCHL54VkGfI5t7nJmG
new video added. video id: 888 url: https://zoom.us/rec/download/7JV5duj5-m83T4LH4gSDVPMsW9S9Lf-s1yEZq_MNzE_mWyZSYVOvNOMbZetLr8oamz-OU3gMnvWqBV8B
new video added. video id: 889 url: https://zoom.us/rec/download/vpV4drqh_2k3GoGXtwSDAqcvW9W8fKqs2iUZrKdcyRq3WyYEOgemb-FDa-RaAGfuVuuK33HYrfWGWm5Z
new video added. video id: 890 url: https://zoom.us/rec/download/v8B7Ir37rjg3EoLAtwSDAP56W9W1L6is2yRN_fYFn0rkAHUGMAevMOZBMLahxD00USTU1vJHBE8yDxqh
new video added. video id: 891 url: https://zoom.us/rec/download/6MJ8dr-pqDk3SYeX4QSDAaRwW9S4L_ms1Scc_aJcmE6wBiUHM1LwYOcWY-M0AUse6j5uq5CMk4E_fQF3

--------------------------------- time: 1586092699 ---------------------------------
list videos for user: MTA5hI2pRoWGRP5IFJhUew mail: ahronbra@edu.aac.ac.il

--------------------------------- time: 1586092699 ---------------------------------
list videos for user: yHWVeaSWQ4iuhtKGSRMJgA mail: ahronpip@edu.aac.ac.il
there are no recordings for this meeting. meeting id: 856724255
there are no recordings for this meeting. meeting id: 937494371
there are no recordings for this meeting. meeting id: 974415250

--------------------------------- time: 1586092701 ---------------------------------
list videos for user: G7rZ7Fn6Rtm3coIBjEC-Kg mail: aidmidro@edu.aac.ac.il
new video added. video id: 892 url: https://zoom.us/rec/download/uMAlJuysrGg3E4WX5ASDBPd9W9S4LqOsgygcrPMImk7gUHAANwWvZrsTZOVscoEPaC_4jX9HqrdNBhJL
new video added. video id: 893 url: https://zoom.us/rec/download/uMYoIeD5-jo3GtKX5gSDAv55W9W6K6-s0Sge8_Bfmky2UXdQN1XzY7cWYLE9Dnr3M48bpx3A4eWG2I94

--------------------------------- time: 1586092714 ---------------------------------
list videos for user: 6s2u87l9RzaKRGVr0w4gsQ mail: aiiltloi3@edu.aac.ac.il
there are no recordings for this meeting. meeting id: 502397658
there are no recordings for this meeting. meeting id: 335913408
there are no recordings for this meeting. meeting id: 802825108
there are no recordings for this meeting. meeting id: 166070576
there are no recordings for this meeting. meeting id: 792293499
there are no recordings for this meeting. meeting id: 871276289
there are no recordings for this meeting. meeting id: 662767534
there are no recordings for this meeting. meeting id: 312044722
there are no recordings for this meeting. meeting id: 718690435
there are no recordings for this meeting. meeting id: 219119089
there are no recordings for this meeting. meeting id: 826293841
there are no recordings for this meeting. meeting id: 522185056
there are no recordings for this meeting. meeting id: 109372849
there are no recordings for this meeting. meeting id: 821371552
there are no recordings for this meeting. meeting id: 153533272
there are no recordings for this meeting. meeting id: 569061290
there are no recordings for this meeting. meeting id: 301925517
there are no recordings for this meeting. meeting id: 299851283
there are no recordings for this meeting. meeting id: 129820625

--------------------------------- time: 1586092722 ---------------------------------
list videos for user: 3Ki6zVy4TbKsvRmHl5HbQA mail: ailklipr@edu.aac.ac.il

--------------------------------- time: 1586092723 ---------------------------------
list videos for user: Q4a0PNEaSv6FHqQCH2cIWg mail: ailngril@edu.aac.ac.il
there are no recordings for this meeting. meeting id: 917308104
there are no recordings for this meeting. meeting id: 308821164

--------------------------------- time: 1586098950 ---------------------------------
list videos for user: HflA8iYQRASHiNIiH8Xp_A mail: ashkelonacademic@naotechh.com

--------------------------------- time: 1586098950 ---------------------------------
list videos for user: kKI-fDZARHegF8jeRljogA mail: shaic@aac.ac.il
there are no recordings for this meeting. meeting id: 487303906
there are no recordings for this meeting. meeting id: 548139246
there are no recordings for this meeting. meeting id: 261845175

--------------------------------- time: 1586098952 ---------------------------------
list videos for user: ZIbGapzvRcusOTGtisi4dg mail: abiazion@edu.aac.ac.il
there are no recordings for this meeting. meeting id: 677843085
video is exsist already. video name: _2020-03-25T15:57:04Z.mp4
there are no recordings for this meeting. meeting id: 931571946
there are no recordings for this meeting. meeting id: 762092634
there are no recordings for this meeting. meeting id: 460899531
there are no recordings for this meeting. meeting id: 947326827

--------------------------------- time: 1586098955 ---------------------------------
list videos for user: 3AFwzYZAQmK5Nj6nM7yTng mail: abigail@edu.aac.ac.il
ERROR adding new video. in meeting id: 346902512
video is exsist already. video name: _3_'_2020-03-23T09:22:42Z.mp4
ERROR adding new video. in meeting id: 797229447
there are no recordings for this meeting. meeting id: 348408439
there are no recordings for this meeting. meeting id: 703902441
ERROR adding new video. in meeting id: 553253755

--------------------------------- time: 1587556592 ---------------------------------
list videos for user: CU5ktBH8Qpmsi5RnhjK-5A mail: barilanuniversity@naotechh.com

--------------------------------- time: 1587556593 ---------------------------------
list videos for user: Winpj6g6SIKiniEiOb3Tjg mail: bar.e-learn@biu.ac.il
there are no recordings for this meeting. meeting id: 736852987
there are no recordings for this meeting. meeting id: 263231642
there are no recordings for this meeting. meeting id: 981531168
there are no recordings for this meeting. meeting id: 660240895
there are no recordings for this meeting. meeting id: 387407060
there are no recordings for this meeting. meeting id: 679993793
there are no recordings for this meeting. meeting id: 510208143
there are no recordings for this meeting. meeting id: 411802426

--------------------------------- time: 1587556596 ---------------------------------
list videos for user: kU60_eB4QGigSfDwYTJS2g mail: 1efratroth1@gmail.com
there are no recordings for this meeting. meeting id: 318324191

--------------------------------- time: 1587556597 ---------------------------------
list videos for user: _C9IP0pBS96wrNlDRY-V5A mail: 2gmh20@gmail.com
there are no recordings for this meeting. meeting id: 964859943
there are no recordings for this meeting. meeting id: 904011101
there are no recordings for this meeting. meeting id: 399503445
there are no recordings for this meeting. meeting id: 324718975

--------------------------------- time: 1587557531 ---------------------------------
list videos for user: CU5ktBH8Qpmsi5RnhjK-5A mail: barilanuniversity@naotechh.com
list videos for user: CU5ktBH8Qpmsi5RnhjK-5A mail: barilanuniversity@naotechh.com
list videos for user: CU5ktBH8Qpmsi5RnhjK-5A mail: barilanuniversity@naotechh.com
new video added. video id: 901 url: https://zoom.us/rec/download/v8B5frihqG43T9yX5QSDU_5xW9XvL_ms0XBK-qIOmEfjWnUBYFv3Y-BEM7M6lYjc_3Dwc8JvqlMqzddt
new video added. video id: 902 url: https://zoom.us/rec/download/7MYscryo-Gg3TtPG4QSDA_MtW426evms0CYWq_deykeyViFVMFChMLpAMeZi3s7cCuwrWdNGTg8b2hke
new video added. video id: 903 url: https://zoom.us/rec/download/v8crceGvqDw3GYCR5gSDBPd7W421Jq2shCEa-_RZmEmyWndXZ1CjNOZEYeq7OkQFJJeTcNRjY2Q0OvHI
new video added. video id: 904 url: https://zoom.us/rec/download/v8d_f-yu-j03TIKc4wSDV6QtW42-Lvis13Ub-vNcxBzjUnJRNVPyMLIQYrPWs3_8yo1HkgJEGtS3Hvn_
new video added. video id: 905 url: https://zoom.us/rec/download/vMUvJez7r243HoDHuQSDAPEtW9XveKis1HAZ-fQImka1AngKMwekMrUbZuYOi-iv3k5ZnItPdU-sOFXe
new video added. video id: 906 url: https://zoom.us/rec/download/upMpJe76-mo3HIKWtASDU6IqW9Xveqys1yFI-aAJz023VCEFY1OuNeYbN-NdyIQCmtH2g3iBOHScGgrk
there are no recordings for this meeting. meeting id: 739047384
new video added. video id: 907 url: https://zoom.us/rec/download/vMYocL39qzo3HIWd4wSDAvJwW9W4fa2s1iUX-vBbz0q3USJSZFfzYrMQaurJcmCNRz7UPSGsbMG8-sMZ
new video added. video id: 908 url: https://zoom.us/rec/download/tMEofu6orz83E4DGsgSDU_AqW47uJ6qs1yQfqaIPzhq1UCMFNlbzN7ASarMdjRmC3M-S6_8AgSVyh4i_
new video added. video id: 909 url: https://zoom.us/rec/download/upApd-yoqT43TNXEuASDBqd5W9W5KaKs23UaqPRZzBmxByIDOgeiZrNDM-oAgPD_IZMI-8eeT82quaRr
new video added. video id: 910 url: https://zoom.us/rec/download/tMZ8fr37-DM3G4Wc5QSDU6V4W428KaOs1XcYrvEPyh21UXQKYAb3M7QSauMacysyvJ8sXubYJfUGcwIp
there are no recordings for this meeting. meeting id: 892462386
there are no recordings for this meeting. meeting id: 824360502
there are no recordings for this meeting. meeting id: 984127832
there are no recordings for this meeting. meeting id: 616325858
list videos for user: Winpj6g6SIKiniEiOb3Tjg mail: bar.e-learn@biu.ac.il
new video added. video id: 911 url: https://zoom.us/rec/download/v8B5frihqG43T9yX5QSDU_5xW9XvL_ms0XBK-qIOmEfjWnUBYFv3Y-BEM7M6lYjc_3Dwc8JvqlMqzddt
new video added. video id: 912 url: https://zoom.us/rec/download/7MYscryo-Gg3TtPG4QSDA_MtW426evms0CYWq_deykeyViFVMFChMLpAMeZi3s7cCuwrWdNGTg8b2hke
new video added. video id: 913 url: https://zoom.us/rec/download/v8crceGvqDw3GYCR5gSDBPd7W421Jq2shCEa-_RZmEmyWndXZ1CjNOZEYeq7OkQFJJeTcNRjY2Q0OvHI
new video added. video id: 914 url: https://zoom.us/rec/download/v8d_f-yu-j03TIKc4wSDV6QtW42-Lvis13Ub-vNcxBzjUnJRNVPyMLIQYrPWs3_8yo1HkgJEGtS3Hvn_
new video added. video id: 915 url: https://zoom.us/rec/download/vMUvJez7r243HoDHuQSDAPEtW9XveKis1HAZ-fQImka1AngKMwekMrUbZuYOi-iv3k5ZnItPdU-sOFXe
new video added. video id: 916 url: https://zoom.us/rec/download/upMpJe76-mo3HIKWtASDU6IqW9Xveqys1yFI-aAJz023VCEFY1OuNeYbN-NdyIQCmtH2g3iBOHScGgrk
there are no recordings for this meeting. meeting id: 739047384
new video added. video id: 917 url: https://zoom.us/rec/download/vMYocL39qzo3HIWd4wSDAvJwW9W4fa2s1iUX-vBbz0q3USJSZFfzYrMQaurJcmCNRz7UPSGsbMG8-sMZ
new video added. video id: 918 url: https://zoom.us/rec/download/tMEofu6orz83E4DGsgSDU_AqW47uJ6qs1yQfqaIPzhq1UCMFNlbzN7ASarMdjRmC3M-S6_8AgSVyh4i_
new video added. video id: 919 url: https://zoom.us/rec/download/upApd-yoqT43TNXEuASDBqd5W9W5KaKs23UaqPRZzBmxByIDOgeiZrNDM-oAgPD_IZMI-8eeT82quaRr
new video added. video id: 920 url: https://zoom.us/rec/download/tMZ8fr37-DM3G4Wc5QSDU6V4W428KaOs1XcYrvEPyh21UXQKYAb3M7QSauMacysyvJ8sXubYJfUGcwIp
there are no recordings for this meeting. meeting id: 892462386
there are no recordings for this meeting. meeting id: 824360502
there are no recordings for this meeting. meeting id: 984127832
there are no recordings for this meeting. meeting id: 616325858
list videos for user: kU60_eB4QGigSfDwYTJS2g mail: 1efratroth1@gmail.com
new video added. video id: 921 url: https://zoom.us/rec/download/v8B5frihqG43T9yX5QSDU_5xW9XvL_ms0XBK-qIOmEfjWnUBYFv3Y-BEM7M6lYjc_3Dwc8JvqlMqzddt
new video added. video id: 922 url: https://zoom.us/rec/download/7MYscryo-Gg3TtPG4QSDA_MtW426evms0CYWq_deykeyViFVMFChMLpAMeZi3s7cCuwrWdNGTg8b2hke
new video added. video id: 923 url: https://zoom.us/rec/download/v8crceGvqDw3GYCR5gSDBPd7W421Jq2shCEa-_RZmEmyWndXZ1CjNOZEYeq7OkQFJJeTcNRjY2Q0OvHI
new video added. video id: 924 url: https://zoom.us/rec/download/v8d_f-yu-j03TIKc4wSDV6QtW42-Lvis13Ub-vNcxBzjUnJRNVPyMLIQYrPWs3_8yo1HkgJEGtS3Hvn_
new video added. video id: 925 url: https://zoom.us/rec/download/vMUvJez7r243HoDHuQSDAPEtW9XveKis1HAZ-fQImka1AngKMwekMrUbZuYOi-iv3k5ZnItPdU-sOFXe
new video added. video id: 926 url: https://zoom.us/rec/download/upMpJe76-mo3HIKWtASDU6IqW9Xveqys1yFI-aAJz023VCEFY1OuNeYbN-NdyIQCmtH2g3iBOHScGgrk
there are no recordings for this meeting. meeting id: 739047384
new video added. video id: 927 url: https://zoom.us/rec/download/vMYocL39qzo3HIWd4wSDAvJwW9W4fa2s1iUX-vBbz0q3USJSZFfzYrMQaurJcmCNRz7UPSGsbMG8-sMZ
new video added. video id: 928 url: https://zoom.us/rec/download/tMEofu6orz83E4DGsgSDU_AqW47uJ6qs1yQfqaIPzhq1UCMFNlbzN7ASarMdjRmC3M-S6_8AgSVyh4i_
new video added. video id: 929 url: https://zoom.us/rec/download/upApd-yoqT43TNXEuASDBqd5W9W5KaKs23UaqPRZzBmxByIDOgeiZrNDM-oAgPD_IZMI-8eeT82quaRr
new video added. video id: 930 url: https://zoom.us/rec/download/tMZ8fr37-DM3G4Wc5QSDU6V4W428KaOs1XcYrvEPyh21UXQKYAb3M7QSauMacysyvJ8sXubYJfUGcwIp
there are no recordings for this meeting. meeting id: 892462386
there are no recordings for this meeting. meeting id: 824360502
there are no recordings for this meeting. meeting id: 984127832
there are no recordings for this meeting. meeting id: 616325858
list videos for user: _C9IP0pBS96wrNlDRY-V5A mail: 2gmh20@gmail.com
new video added. video id: 931 url: https://zoom.us/rec/download/v8B5frihqG43T9yX5QSDU_5xW9XvL_ms0XBK-qIOmEfjWnUBYFv3Y-BEM7M6lYjc_3Dwc8JvqlMqzddt
new video added. video id: 932 url: https://zoom.us/rec/download/7MYscryo-Gg3TtPG4QSDA_MtW426evms0CYWq_deykeyViFVMFChMLpAMeZi3s7cCuwrWdNGTg8b2hke
new video added. video id: 933 url: https://zoom.us/rec/download/v8crceGvqDw3GYCR5gSDBPd7W421Jq2shCEa-_RZmEmyWndXZ1CjNOZEYeq7OkQFJJeTcNRjY2Q0OvHI
new video added. video id: 934 url: https://zoom.us/rec/download/v8d_f-yu-j03TIKc4wSDV6QtW42-Lvis13Ub-vNcxBzjUnJRNVPyMLIQYrPWs3_8yo1HkgJEGtS3Hvn_
new video added. video id: 935 url: https://zoom.us/rec/download/vMUvJez7r243HoDHuQSDAPEtW9XveKis1HAZ-fQImka1AngKMwekMrUbZuYOi-iv3k5ZnItPdU-sOFXe
new video added. video id: 936 url: https://zoom.us/rec/download/upMpJe76-mo3HIKWtASDU6IqW9Xveqys1yFI-aAJz023VCEFY1OuNeYbN-NdyIQCmtH2g3iBOHScGgrk
there are no recordings for this meeting. meeting id: 739047384
new video added. video id: 937 url: https://zoom.us/rec/download/vMYocL39qzo3HIWd4wSDAvJwW9W4fa2s1iUX-vBbz0q3USJSZFfzYrMQaurJcmCNRz7UPSGsbMG8-sMZ
new video added. video id: 938 url: https://zoom.us/rec/download/tMEofu6orz83E4DGsgSDU_AqW47uJ6qs1yQfqaIPzhq1UCMFNlbzN7ASarMdjRmC3M-S6_8AgSVyh4i_
new video added. video id: 939 url: https://zoom.us/rec/download/upApd-yoqT43TNXEuASDBqd5W9W5KaKs23UaqPRZzBmxByIDOgeiZrNDM-oAgPD_IZMI-8eeT82quaRr
new video added. video id: 940 url: https://zoom.us/rec/download/tMZ8fr37-DM3G4Wc5QSDU6V4W428KaOs1XcYrvEPyh21UXQKYAb3M7QSauMacysyvJ8sXubYJfUGcwIp
there are no recordings for this meeting. meeting id: 892462386
there are no recordings for this meeting. meeting id: 824360502
there are no recordings for this meeting. meeting id: 984127832
there are no recordings for this meeting. meeting id: 616325858
list videos for user: 0co5mj37SW2Z0t7zTnfD9Q mail: 7327140@gmail.com
new video added. video id: 941 url: https://zoom.us/rec/download/v8B5frihqG43T9yX5QSDU_5xW9XvL_ms0XBK-qIOmEfjWnUBYFv3Y-BEM7M6lYjc_3Dwc8JvqlMqzddt
new video added. video id: 942 url: https://zoom.us/rec/download/7MYscryo-Gg3TtPG4QSDA_MtW426evms0CYWq_deykeyViFVMFChMLpAMeZi3s7cCuwrWdNGTg8b2hke
new video added. video id: 943 url: https://zoom.us/rec/download/v8crceGvqDw3GYCR5gSDBPd7W421Jq2shCEa-_RZmEmyWndXZ1CjNOZEYeq7OkQFJJeTcNRjY2Q0OvHI